[SERVER] Starting server.
[PARAMS] type = d port = 6455 bufsize = 0 imss_uri = imss:// stat-host = compute-9-1 stat-port = 6469 num-servers = 1 deploy-hostfile = ./data_hostfile block-size = 1024
storage-size = 60
[COMM] Inicializated worker result: 0
[COMM] Inicializated context result: 0
[COMM] Started client
[COMM] Sending stream (1024 bytes).
[COMM] Flushed endpoint started.
[COMM] Flush waiting for completion.
[COMM] Flushed endpoint.
[COMM] recv_dynamic_stream start 
[COMM] Recv stream (8 bytes).
[COMM] Recv stream (23 bytes).
 		 receiving STRING or BUFFER 23
[COMM] recv_dynamic_stream end 23
[COMM] Closed endpoint
[SERVER] Creating dispatcher thread.
[SERVER] Creating data thread.
[COMM] Inicializated worker result: 0
[COMM] Started server with status 0 
[DISPATCHER] Waiting for connection requests.
[COMM] Started client
[COMM] Sending stream (1024 bytes).
[SERVER] Creating IMSS_INFO at metadata server. 
[COMM] send_dynamic_stream start 
[COMM] Sending stream (8 bytes).
[COMM] Sending stream (792 bytes).
[COMM] send_dynamic_stream end 792 
[COMM] Flushed endpoint started.
[COMM] Flush waiting for completion.
[COMM] Flushed endpoint.
[COMM] Closed endpoint
[COMM] Started server with status 0 
[COMM] Server received a connection request from client at address 10.0.40.2:40180
[COMM] Created server endpoint
[COMM] Recv stream (1024 bytes).
[COMM] Sending stream (1024 bytes).
[DISPATCHER] Replied client 6456-624255547.
[COMM] Closed endpoint
[DISPATCHER] Waiting for connection requests.
[COMM] Server received a connection request from client at address 10.0.40.2:37416
[COMM] Inicializated worker result: 0
[COMM] Created server endpoint
[DATA WORKER] Created thread for new endpoint.
[DATA WORKER] Waiting for new request.
[COMM] Recv stream (1024 bytes).
[DATA WORKER] Request - client_id '624255547', mode 'SET', req '1048576 imss://data.out$0'
[COMM] Recv stream (1048576 bytes).
[DATA WORKER] Waiting for new request.
[COMM] Recv stream (1024 bytes).
[DATA WORKER] Request - client_id '624255547', mode 'SET', req '1048576 imss://data.out$1'
[COMM] Recv stream (1048576 bytes).
[DATA WORKER] Waiting for new request.
[COMM] Recv stream (1024 bytes).
[DATA WORKER] Request - client_id '624255547', mode 'SET', req '1048576 imss://data.out$2'
[COMM] Recv stream (1048576 bytes).
[DATA WORKER] Waiting for new request.
[COMM] Recv stream (1024 bytes).
[DATA WORKER] Request - client_id '624255547', mode 'SET', req '1048576 imss://data.out$3'
[COMM] Recv stream (1048576 bytes).
[DATA WORKER] Waiting for new request.
[COMM] Recv stream (1024 bytes).
[DATA WORKER] Request - client_id '624255547', mode 'SET', req '1048576 imss://data.out$4'
[COMM] Recv stream (1048576 bytes).
[DATA WORKER] Waiting for new request.
[COMM] Recv stream (1024 bytes).
[DATA WORKER] Request - client_id '624255547', mode 'SET', req '1048576 imss://data.out$5'
[COMM] Recv stream (1048576 bytes).
[DATA WORKER] Waiting for new request.
[COMM] Recv stream (1024 bytes).
[DATA WORKER] Request - client_id '624255547', mode 'SET', req '1048576 imss://data.out$6'
[COMM] Recv stream (1048576 bytes).
[DATA WORKER] Waiting for new request.
[COMM] Recv stream (1024 bytes).
[DATA WORKER] Request - client_id '624255547', mode 'SET', req '1048576 imss://data.out$7'
[COMM] Recv stream (1048576 bytes).
[DATA WORKER] Waiting for new request.
[COMM] Recv stream (1024 bytes).
[DATA WORKER] Request - client_id '624255547', mode 'SET', req '1048576 imss://data.out$8'
[COMM] Recv stream (1048576 bytes).
[DATA WORKER] Waiting for new request.
[COMM] Recv stream (1024 bytes).
[DATA WORKER] Request - client_id '624255547', mode 'SET', req '1048576 imss://data.out$9'
[COMM] Recv stream (1048576 bytes).
[DATA WORKER] Waiting for new request.
[COMM] Recv stream (1024 bytes).
[DATA WORKER] Request - client_id '624255547', mode 'SET', req '1048576 imss://data.out$10'
[COMM] Recv stream (1048576 bytes).
[DATA WORKER] Waiting for new request.
[COMM] Recv stream (1024 bytes).
[DATA WORKER] Request - client_id '624255547', mode 'SET', req '1048576 imss://data.out$11'
[COMM] Recv stream (1048576 bytes).
[DATA WORKER] Waiting for new request.
[COMM] Recv stream (1024 bytes).
[DATA WORKER] Request - client_id '624255547', mode 'SET', req '1048576 imss://data.out$12'
[COMM] Recv stream (1048576 bytes).
[DATA WORKER] Waiting for new request.
[COMM] Recv stream (1024 bytes).
[DATA WORKER] Request - client_id '624255547', mode 'SET', req '1048576 imss://data.out$13'
[COMM] Recv stream (1048576 bytes).
[DATA WORKER] Waiting for new request.
[COMM] Recv stream (1024 bytes).
[DATA WORKER] Request - client_id '624255547', mode 'SET', req '1048576 imss://data.out$14'
[COMM] Recv stream (1048576 bytes).
[DATA WORKER] Waiting for new request.
[COMM] Recv stream (1024 bytes).
[DATA WORKER] Request - client_id '624255547', mode 'SET', req '1048576 imss://data.out$15'
[COMM] Recv stream (1048576 bytes).
[DATA WORKER] Waiting for new request.
[COMM] Recv stream (1024 bytes).
[DATA WORKER] Request - client_id '624255547', mode 'SET', req '1048576 imss://data.out$16'
[COMM] Recv stream (1048576 bytes).
[DATA WORKER] Waiting for new request.
[COMM] Recv stream (1024 bytes).
[DATA WORKER] Request - client_id '624255547', mode 'SET', req '1048576 imss://data.out$17'
[COMM] Recv stream (1048576 bytes).
[DATA WORKER] Waiting for new request.
[COMM] Recv stream (1024 bytes).
[DATA WORKER] Request - client_id '624255547', mode 'SET', req '1048576 imss://data.out$18'
[COMM] Recv stream (1048576 bytes).
[DATA WORKER] Waiting for new request.
[COMM] Recv stream (1024 bytes).
[DATA WORKER] Request - client_id '624255547', mode 'SET', req '1048576 imss://data.out$19'
[COMM] Recv stream (1048576 bytes).
[DATA WORKER] Waiting for new request.
[COMM] Recv stream (1024 bytes).
[DATA WORKER] Request - client_id '624255547', mode 'SET', req '1048576 imss://data.out$20'
[COMM] Recv stream (1048576 bytes).
[DATA WORKER] Waiting for new request.
[COMM] Recv stream (1024 bytes).
[DATA WORKER] Request - client_id '624255547', mode 'SET', req '1048576 imss://data.out$21'
[COMM] Recv stream (1048576 bytes).
[DATA WORKER] Waiting for new request.
[COMM] Recv stream (1024 bytes).
[DATA WORKER] Request - client_id '624255547', mode 'SET', req '1048576 imss://data.out$22'
[COMM] Recv stream (1048576 bytes).
[DATA WORKER] Waiting for new request.
[COMM] Recv stream (1024 bytes).
[DATA WORKER] Request - client_id '624255547', mode 'SET', req '1048576 imss://data.out$23'
[COMM] Recv stream (1048576 bytes).
[DATA WORKER] Waiting for new request.
[COMM] Recv stream (1024 bytes).
[DATA WORKER] Request - client_id '624255547', mode 'SET', req '1048576 imss://data.out$24'
[COMM] Recv stream (1048576 bytes).
[DATA WORKER] Waiting for new request.
[COMM] Recv stream (1024 bytes).
[DATA WORKER] Request - client_id '624255547', mode 'SET', req '1048576 imss://data.out$25'
[COMM] Recv stream (1048576 bytes).
[DATA WORKER] Waiting for new request.
[COMM] Recv stream (1024 bytes).
[DATA WORKER] Request - client_id '624255547', mode 'SET', req '1048576 imss://data.out$26'
[COMM] Recv stream (1048576 bytes).
[DATA WORKER] Waiting for new request.
[COMM] Recv stream (1024 bytes).
[DATA WORKER] Request - client_id '624255547', mode 'SET', req '1048576 imss://data.out$27'
[COMM] Recv stream (1048576 bytes).
[DATA WORKER] Waiting for new request.
[COMM] Recv stream (1024 bytes).
[DATA WORKER] Request - client_id '624255547', mode 'SET', req '1048576 imss://data.out$28'
[COMM] Recv stream (1048576 bytes).
[DATA WORKER] Waiting for new request.
[COMM] Recv stream (1024 bytes).
[DATA WORKER] Request - client_id '624255547', mode 'SET', req '1048576 imss://data.out$29'
[COMM] Recv stream (1048576 bytes).
[DATA WORKER] Waiting for new request.
[COMM] Recv stream (1024 bytes).
[DATA WORKER] Request - client_id '624255547', mode 'SET', req '1048576 imss://data.out$30'
[COMM] Recv stream (1048576 bytes).
[DATA WORKER] Waiting for new request.
[COMM] Recv stream (1024 bytes).
[DATA WORKER] Request - client_id '624255547', mode 'SET', req '1048576 imss://data.out$31'
[COMM] Recv stream (1048576 bytes).
[DATA WORKER] Waiting for new request.
[COMM] Recv stream (1024 bytes).
[DATA WORKER] Request - client_id '624255547', mode 'SET', req '1048576 imss://data.out$32'
[COMM] Recv stream (1048576 bytes).
[DATA WORKER] Waiting for new request.
[COMM] Recv stream (1024 bytes).
[DATA WORKER] Request - client_id '624255547', mode 'SET', req '1048576 imss://data.out$33'
[COMM] Recv stream (1048576 bytes).
[DATA WORKER] Waiting for new request.
[COMM] Recv stream (1024 bytes).
[DATA WORKER] Request - client_id '624255547', mode 'SET', req '1048576 imss://data.out$34'
[COMM] Recv stream (1048576 bytes).
[DATA WORKER] Waiting for new request.
[COMM] Recv stream (1024 bytes).
[DATA WORKER] Request - client_id '624255547', mode 'SET', req '1048576 imss://data.out$35'
[COMM] Recv stream (1048576 bytes).
[DATA WORKER] Waiting for new request.
[COMM] Recv stream (1024 bytes).
[DATA WORKER] Request - client_id '624255547', mode 'SET', req '1048576 imss://data.out$36'
[COMM] Recv stream (1048576 bytes).
[DATA WORKER] Waiting for new request.
[COMM] Recv stream (1024 bytes).
[DATA WORKER] Request - client_id '624255547', mode 'SET', req '1048576 imss://data.out$37'
[COMM] Recv stream (1048576 bytes).
[DATA WORKER] Waiting for new request.
[COMM] Recv stream (1024 bytes).
[DATA WORKER] Request - client_id '624255547', mode 'SET', req '1048576 imss://data.out$38'
[COMM] Recv stream (1048576 bytes).
[DATA WORKER] Waiting for new request.
[COMM] Recv stream (1024 bytes).
[DATA WORKER] Request - client_id '624255547', mode 'SET', req '1048576 imss://data.out$39'
[COMM] Recv stream (1048576 bytes).
[DATA WORKER] Waiting for new request.
[COMM] Recv stream (1024 bytes).
[DATA WORKER] Request - client_id '624255547', mode 'SET', req '1048576 imss://data.out$40'
[COMM] Recv stream (1048576 bytes).
[DATA WORKER] Waiting for new request.
[COMM] Recv stream (1024 bytes).
[DATA WORKER] Request - client_id '624255547', mode 'SET', req '1048576 imss://data.out$41'
[COMM] Recv stream (1048576 bytes).
[DATA WORKER] Waiting for new request.
[COMM] Recv stream (1024 bytes).
[DATA WORKER] Request - client_id '624255547', mode 'SET', req '1048576 imss://data.out$42'
[COMM] Recv stream (1048576 bytes).
[DATA WORKER] Waiting for new request.
[COMM] Recv stream (1024 bytes).
[DATA WORKER] Request - client_id '624255547', mode 'SET', req '1048576 imss://data.out$43'
[COMM] Recv stream (1048576 bytes).
[DATA WORKER] Waiting for new request.
[COMM] Recv stream (1024 bytes).
[DATA WORKER] Request - client_id '624255547', mode 'SET', req '1048576 imss://data.out$44'
[COMM] Recv stream (1048576 bytes).
[DATA WORKER] Waiting for new request.
[COMM] Recv stream (1024 bytes).
[DATA WORKER] Request - client_id '624255547', mode 'SET', req '1048576 imss://data.out$45'
[COMM] Recv stream (1048576 bytes).
[DATA WORKER] Waiting for new request.
[COMM] Recv stream (1024 bytes).
[DATA WORKER] Request - client_id '624255547', mode 'SET', req '1048576 imss://data.out$46'
[COMM] Recv stream (1048576 bytes).
[DATA WORKER] Waiting for new request.
[COMM] Recv stream (1024 bytes).
[DATA WORKER] Request - client_id '624255547', mode 'SET', req '1048576 imss://data.out$47'
[COMM] Recv stream (1048576 bytes).
[DATA WORKER] Waiting for new request.
[COMM] Recv stream (1024 bytes).
[DATA WORKER] Request - client_id '624255547', mode 'SET', req '1048576 imss://data.out$48'
[COMM] Recv stream (1048576 bytes).
[DATA WORKER] Waiting for new request.
[COMM] Recv stream (1024 bytes).
[DATA WORKER] Request - client_id '624255547', mode 'SET', req '1048576 imss://data.out$49'
[COMM] Recv stream (1048576 bytes).
[DATA WORKER] Waiting for new request.
[COMM] Recv stream (1024 bytes).
[DATA WORKER] Request - client_id '624255547', mode 'SET', req '1048576 imss://data.out$50'
[COMM] Recv stream (1048576 bytes).
[DATA WORKER] Waiting for new request.
[COMM] Recv stream (1024 bytes).
[DATA WORKER] Request - client_id '624255547', mode 'SET', req '1048576 imss://data.out$51'
[COMM] Recv stream (1048576 bytes).
[DATA WORKER] Waiting for new request.
[COMM] Recv stream (1024 bytes).
[DATA WORKER] Request - client_id '624255547', mode 'SET', req '1048576 imss://data.out$52'
[COMM] Recv stream (1048576 bytes).
[DATA WORKER] Waiting for new request.
[COMM] Recv stream (1024 bytes).
[DATA WORKER] Request - client_id '624255547', mode 'SET', req '1048576 imss://data.out$53'
[COMM] Recv stream (1048576 bytes).
[DATA WORKER] Waiting for new request.
[COMM] Recv stream (1024 bytes).
[DATA WORKER] Request - client_id '624255547', mode 'SET', req '1048576 imss://data.out$54'
[COMM] Recv stream (1048576 bytes).
[DATA WORKER] Waiting for new request.
[COMM] Recv stream (1024 bytes).
[DATA WORKER] Request - client_id '624255547', mode 'SET', req '1048576 imss://data.out$55'
[COMM] Recv stream (1048576 bytes).
[DATA WORKER] Waiting for new request.
[COMM] Recv stream (1024 bytes).
[DATA WORKER] Request - client_id '624255547', mode 'SET', req '1048576 imss://data.out$56'
[COMM] Recv stream (1048576 bytes).
[DATA WORKER] Waiting for new request.
[COMM] Recv stream (1024 bytes).
[DATA WORKER] Request - client_id '624255547', mode 'SET', req '1048576 imss://data.out$57'
[COMM] Recv stream (1048576 bytes).
[DATA WORKER] Waiting for new request.
[COMM] Recv stream (1024 bytes).
[DATA WORKER] Request - client_id '624255547', mode 'SET', req '1048576 imss://data.out$58'
[COMM] Recv stream (1048576 bytes).
[DATA WORKER] Waiting for new request.
[COMM] Recv stream (1024 bytes).
[DATA WORKER] Request - client_id '624255547', mode 'SET', req '1048576 imss://data.out$59'
[COMM] Recv stream (1048576 bytes).
[DATA WORKER] Waiting for new request.
[COMM] Recv stream (1024 bytes).
[DATA WORKER] Request - client_id '624255547', mode 'SET', req '1048576 imss://data.out$60'
[COMM] Recv stream (1048576 bytes).
[DATA WORKER] Waiting for new request.
[COMM] Recv stream (1024 bytes).
[DATA WORKER] Request - client_id '624255547', mode 'SET', req '1048576 imss://data.out$61'
[COMM] Recv stream (1048576 bytes).
[DATA WORKER] Waiting for new request.
[COMM] Recv stream (1024 bytes).
[DATA WORKER] Request - client_id '624255547', mode 'SET', req '1048576 imss://data.out$62'
[COMM] Recv stream (1048576 bytes).
[DATA WORKER] Waiting for new request.
[COMM] Recv stream (1024 bytes).
[DATA WORKER] Request - client_id '624255547', mode 'SET', req '1048576 imss://data.out$63'
[COMM] Recv stream (1048576 bytes).
[DATA WORKER] Waiting for new request.
[COMM] Recv stream (1024 bytes).
[DATA WORKER] Request - client_id '624255547', mode 'SET', req '1048576 imss://data.out$64'
[COMM] Recv stream (1048576 bytes).
[DATA WORKER] Waiting for new request.
[COMM] Recv stream (1024 bytes).
[DATA WORKER] Request - client_id '624255547', mode 'SET', req '1048576 imss://data.out$65'
[COMM] Recv stream (1048576 bytes).
[DATA WORKER] Waiting for new request.
[COMM] Recv stream (1024 bytes).
[DATA WORKER] Request - client_id '624255547', mode 'SET', req '1048576 imss://data.out$66'
[COMM] Recv stream (1048576 bytes).
[DATA WORKER] Waiting for new request.
[COMM] Recv stream (1024 bytes).
[DATA WORKER] Request - client_id '624255547', mode 'SET', req '1048576 imss://data.out$67'
[COMM] Recv stream (1048576 bytes).
[DATA WORKER] Waiting for new request.
[COMM] Recv stream (1024 bytes).
[DATA WORKER] Request - client_id '624255547', mode 'SET', req '1048576 imss://data.out$68'
[COMM] Recv stream (1048576 bytes).
[DATA WORKER] Waiting for new request.
[COMM] Recv stream (1024 bytes).
[DATA WORKER] Request - client_id '624255547', mode 'SET', req '1048576 imss://data.out$69'
[COMM] Recv stream (1048576 bytes).
[DATA WORKER] Waiting for new request.
[COMM] Recv stream (1024 bytes).
[DATA WORKER] Request - client_id '624255547', mode 'SET', req '1048576 imss://data.out$70'
[COMM] Recv stream (1048576 bytes).
[DATA WORKER] Waiting for new request.
[COMM] Recv stream (1024 bytes).
[DATA WORKER] Request - client_id '624255547', mode 'SET', req '1048576 imss://data.out$71'
[COMM] Recv stream (1048576 bytes).
[DATA WORKER] Waiting for new request.
[COMM] Recv stream (1024 bytes).
[DATA WORKER] Request - client_id '624255547', mode 'SET', req '1048576 imss://data.out$72'
[COMM] Recv stream (1048576 bytes).
[DATA WORKER] Waiting for new request.
[COMM] Recv stream (1024 bytes).
[DATA WORKER] Request - client_id '624255547', mode 'SET', req '1048576 imss://data.out$73'
[COMM] Recv stream (1048576 bytes).
[DATA WORKER] Waiting for new request.
[COMM] Recv stream (1024 bytes).
[DATA WORKER] Request - client_id '624255547', mode 'SET', req '1048576 imss://data.out$74'
[COMM] Recv stream (1048576 bytes).
[DATA WORKER] Waiting for new request.
[COMM] Recv stream (1024 bytes).
[DATA WORKER] Request - client_id '624255547', mode 'SET', req '1048576 imss://data.out$75'
[COMM] Recv stream (1048576 bytes).
[DATA WORKER] Waiting for new request.
[COMM] Recv stream (1024 bytes).
[DATA WORKER] Request - client_id '624255547', mode 'SET', req '1048576 imss://data.out$76'
[COMM] Recv stream (1048576 bytes).
[DATA WORKER] Waiting for new request.
[COMM] Recv stream (1024 bytes).
[DATA WORKER] Request - client_id '624255547', mode 'SET', req '1048576 imss://data.out$77'
[COMM] Recv stream (1048576 bytes).
[DATA WORKER] Waiting for new request.
[COMM] Recv stream (1024 bytes).
[DATA WORKER] Request - client_id '624255547', mode 'SET', req '1048576 imss://data.out$78'
[COMM] Recv stream (1048576 bytes).
[DATA WORKER] Waiting for new request.
[COMM] Recv stream (1024 bytes).
[DATA WORKER] Request - client_id '624255547', mode 'SET', req '1048576 imss://data.out$79'
[COMM] Recv stream (1048576 bytes).
[DATA WORKER] Waiting for new request.
[COMM] Recv stream (1024 bytes).
[DATA WORKER] Request - client_id '624255547', mode 'SET', req '1048576 imss://data.out$80'
[COMM] Recv stream (1048576 bytes).
[DATA WORKER] Waiting for new request.
[COMM] Recv stream (1024 bytes).
[DATA WORKER] Request - client_id '624255547', mode 'SET', req '1048576 imss://data.out$81'
[COMM] Recv stream (1048576 bytes).
[DATA WORKER] Waiting for new request.
[COMM] Recv stream (1024 bytes).
[DATA WORKER] Request - client_id '624255547', mode 'SET', req '1048576 imss://data.out$82'
[COMM] Recv stream (1048576 bytes).
[DATA WORKER] Waiting for new request.
[COMM] Recv stream (1024 bytes).
[DATA WORKER] Request - client_id '624255547', mode 'SET', req '1048576 imss://data.out$83'
[COMM] Recv stream (1048576 bytes).
[DATA WORKER] Waiting for new request.
[COMM] Recv stream (1024 bytes).
[DATA WORKER] Request - client_id '624255547', mode 'SET', req '1048576 imss://data.out$84'
[COMM] Recv stream (1048576 bytes).
[DATA WORKER] Waiting for new request.
[COMM] Recv stream (1024 bytes).
[DATA WORKER] Request - client_id '624255547', mode 'SET', req '1048576 imss://data.out$85'
[COMM] Recv stream (1048576 bytes).
[DATA WORKER] Waiting for new request.
[COMM] Recv stream (1024 bytes).
[DATA WORKER] Request - client_id '624255547', mode 'SET', req '1048576 imss://data.out$86'
[COMM] Recv stream (1048576 bytes).
[DATA WORKER] Waiting for new request.
[COMM] Recv stream (1024 bytes).
[DATA WORKER] Request - client_id '624255547', mode 'SET', req '1048576 imss://data.out$87'
[COMM] Recv stream (1048576 bytes).
[DATA WORKER] Waiting for new request.
[COMM] Recv stream (1024 bytes).
[DATA WORKER] Request - client_id '624255547', mode 'SET', req '1048576 imss://data.out$88'
[COMM] Recv stream (1048576 bytes).
[DATA WORKER] Waiting for new request.
[COMM] Recv stream (1024 bytes).
[DATA WORKER] Request - client_id '624255547', mode 'SET', req '1048576 imss://data.out$89'
[COMM] Recv stream (1048576 bytes).
[DATA WORKER] Waiting for new request.
[COMM] Recv stream (1024 bytes).
[DATA WORKER] Request - client_id '624255547', mode 'SET', req '1048576 imss://data.out$90'
[COMM] Recv stream (1048576 bytes).
[DATA WORKER] Waiting for new request.
[COMM] Recv stream (1024 bytes).
[DATA WORKER] Request - client_id '624255547', mode 'SET', req '1048576 imss://data.out$91'
[COMM] Recv stream (1048576 bytes).
[DATA WORKER] Waiting for new request.
[COMM] Recv stream (1024 bytes).
[DATA WORKER] Request - client_id '624255547', mode 'SET', req '1048576 imss://data.out$92'
[COMM] Recv stream (1048576 bytes).
[DATA WORKER] Waiting for new request.
[COMM] Recv stream (1024 bytes).
[DATA WORKER] Request - client_id '624255547', mode 'SET', req '1048576 imss://data.out$93'
[COMM] Recv stream (1048576 bytes).
[DATA WORKER] Waiting for new request.
[COMM] Recv stream (1024 bytes).
[DATA WORKER] Request - client_id '624255547', mode 'SET', req '1048576 imss://data.out$94'
[COMM] Recv stream (1048576 bytes).
[DATA WORKER] Waiting for new request.
[COMM] Recv stream (1024 bytes).
[DATA WORKER] Request - client_id '624255547', mode 'SET', req '1048576 imss://data.out$95'
[COMM] Recv stream (1048576 bytes).
[DATA WORKER] Waiting for new request.
[COMM] Recv stream (1024 bytes).
[DATA WORKER] Request - client_id '624255547', mode 'SET', req '1048576 imss://data.out$96'
[COMM] Recv stream (1048576 bytes).
[DATA WORKER] Waiting for new request.
[COMM] Recv stream (1024 bytes).
[DATA WORKER] Request - client_id '624255547', mode 'SET', req '1048576 imss://data.out$97'
[COMM] Recv stream (1048576 bytes).
[DATA WORKER] Waiting for new request.
[COMM] Recv stream (1024 bytes).
[DATA WORKER] Request - client_id '624255547', mode 'SET', req '1048576 imss://data.out$98'
[COMM] Recv stream (1048576 bytes).
[DATA WORKER] Waiting for new request.
[COMM] Recv stream (1024 bytes).
[DATA WORKER] Request - client_id '624255547', mode 'SET', req '1048576 imss://data.out$99'
[COMM] Recv stream (1048576 bytes).
[DATA WORKER] Waiting for new request.
[COMM] Recv stream (1024 bytes).
[DATA WORKER] Request - client_id '624255547', mode 'SET', req '1048576 imss://data.out$100'
[COMM] Recv stream (1048576 bytes).
[DATA WORKER] Waiting for new request.
[COMM] Recv stream (1024 bytes).
[DATA WORKER] Request - client_id '624255547', mode 'SET', req '1048576 imss://data.out$0'
[COMM] Recv stream (1048576 bytes).
[DATA WORKER] Waiting for new request.
[COMM] Recv stream (1024 bytes).
[DATA WORKER] Request - client_id '624255547', mode 'GET', req '0 imss://data.out$1'
[COMM] Sending stream (1048576 bytes).
[DATA WORKER] Waiting for new request.
[COMM] Recv stream (1024 bytes).
[DATA WORKER] Request - client_id '624255547', mode 'GET', req '0 imss://data.out$2'
[COMM] Sending stream (1048576 bytes).
[DATA WORKER] Waiting for new request.
[COMM] Recv stream (1024 bytes).
[DATA WORKER] Request - client_id '624255547', mode 'GET', req '0 imss://data.out$3'
[COMM] Sending stream (1048576 bytes).
[DATA WORKER] Waiting for new request.
[COMM] Recv stream (1024 bytes).
[DATA WORKER] Request - client_id '624255547', mode 'GET', req '0 imss://data.out$4'
[COMM] Sending stream (1048576 bytes).
[DATA WORKER] Waiting for new request.
[COMM] Recv stream (1024 bytes).
[DATA WORKER] Request - client_id '624255547', mode 'GET', req '0 imss://data.out$5'
[COMM] Sending stream (1048576 bytes).
[DATA WORKER] Waiting for new request.
[COMM] Recv stream (1024 bytes).
[DATA WORKER] Request - client_id '624255547', mode 'GET', req '0 imss://data.out$6'
[COMM] Sending stream (1048576 bytes).
[DATA WORKER] Waiting for new request.
[COMM] Recv stream (1024 bytes).
[DATA WORKER] Request - client_id '624255547', mode 'GET', req '0 imss://data.out$7'
[COMM] Sending stream (1048576 bytes).
[DATA WORKER] Waiting for new request.
[COMM] Recv stream (1024 bytes).
[DATA WORKER] Request - client_id '624255547', mode 'GET', req '0 imss://data.out$8'
[COMM] Sending stream (1048576 bytes).
[DATA WORKER] Waiting for new request.
[COMM] Recv stream (1024 bytes).
[DATA WORKER] Request - client_id '624255547', mode 'GET', req '0 imss://data.out$9'
[COMM] Sending stream (1048576 bytes).
[DATA WORKER] Waiting for new request.
[COMM] Recv stream (1024 bytes).
[DATA WORKER] Request - client_id '624255547', mode 'GET', req '0 imss://data.out$10'
[COMM] Sending stream (1048576 bytes).
[DATA WORKER] Waiting for new request.
[COMM] Recv stream (1024 bytes).
[DATA WORKER] Request - client_id '624255547', mode 'GET', req '0 imss://data.out$11'
[COMM] Sending stream (1048576 bytes).
[DATA WORKER] Waiting for new request.
[COMM] Recv stream (1024 bytes).
[DATA WORKER] Request - client_id '624255547', mode 'GET', req '0 imss://data.out$12'
[COMM] Sending stream (1048576 bytes).
[DATA WORKER] Waiting for new request.
[COMM] Recv stream (1024 bytes).
[DATA WORKER] Request - client_id '624255547', mode 'GET', req '0 imss://data.out$13'
[COMM] Sending stream (1048576 bytes).
[DATA WORKER] Waiting for new request.
[COMM] Recv stream (1024 bytes).
[DATA WORKER] Request - client_id '624255547', mode 'GET', req '0 imss://data.out$14'
[COMM] Sending stream (1048576 bytes).
[DATA WORKER] Waiting for new request.
[COMM] Recv stream (1024 bytes).
[DATA WORKER] Request - client_id '624255547', mode 'GET', req '0 imss://data.out$15'
[COMM] Sending stream (1048576 bytes).
[DATA WORKER] Waiting for new request.
[COMM] Recv stream (1024 bytes).
[DATA WORKER] Request - client_id '624255547', mode 'GET', req '0 imss://data.out$16'
[COMM] Sending stream (1048576 bytes).
[DATA WORKER] Waiting for new request.
[COMM] Recv stream (1024 bytes).
[DATA WORKER] Request - client_id '624255547', mode 'GET', req '0 imss://data.out$17'
[COMM] Sending stream (1048576 bytes).
[DATA WORKER] Waiting for new request.
[COMM] Recv stream (1024 bytes).
[DATA WORKER] Request - client_id '624255547', mode 'GET', req '0 imss://data.out$18'
[COMM] Sending stream (1048576 bytes).
[DATA WORKER] Waiting for new request.
[COMM] Recv stream (1024 bytes).
[DATA WORKER] Request - client_id '624255547', mode 'GET', req '0 imss://data.out$19'
[COMM] Sending stream (1048576 bytes).
[DATA WORKER] Waiting for new request.
[COMM] Recv stream (1024 bytes).
[DATA WORKER] Request - client_id '624255547', mode 'GET', req '0 imss://data.out$20'
[COMM] Sending stream (1048576 bytes).
[DATA WORKER] Waiting for new request.
[COMM] Recv stream (1024 bytes).
[DATA WORKER] Request - client_id '624255547', mode 'GET', req '0 imss://data.out$21'
[COMM] Sending stream (1048576 bytes).
[DATA WORKER] Waiting for new request.
[COMM] Recv stream (1024 bytes).
[DATA WORKER] Request - client_id '624255547', mode 'GET', req '0 imss://data.out$22'
[COMM] Sending stream (1048576 bytes).
[DATA WORKER] Waiting for new request.
[COMM] Recv stream (1024 bytes).
[DATA WORKER] Request - client_id '624255547', mode 'GET', req '0 imss://data.out$23'
[COMM] Sending stream (1048576 bytes).
[DATA WORKER] Waiting for new request.
[COMM] Recv stream (1024 bytes).
[DATA WORKER] Request - client_id '624255547', mode 'GET', req '0 imss://data.out$24'
[COMM] Sending stream (1048576 bytes).
[DATA WORKER] Waiting for new request.
[COMM] Recv stream (1024 bytes).
[DATA WORKER] Request - client_id '624255547', mode 'GET', req '0 imss://data.out$25'
[COMM] Sending stream (1048576 bytes).
[DATA WORKER] Waiting for new request.
[COMM] Recv stream (1024 bytes).
[DATA WORKER] Request - client_id '624255547', mode 'GET', req '0 imss://data.out$26'
[COMM] Sending stream (1048576 bytes).
[DATA WORKER] Waiting for new request.
[COMM] Recv stream (1024 bytes).
[DATA WORKER] Request - client_id '624255547', mode 'GET', req '0 imss://data.out$27'
[COMM] Sending stream (1048576 bytes).
[DATA WORKER] Waiting for new request.
[COMM] Recv stream (1024 bytes).
[DATA WORKER] Request - client_id '624255547', mode 'GET', req '0 imss://data.out$28'
[COMM] Sending stream (1048576 bytes).
[DATA WORKER] Waiting for new request.
[COMM] Recv stream (1024 bytes).
[DATA WORKER] Request - client_id '624255547', mode 'GET', req '0 imss://data.out$29'
[COMM] Sending stream (1048576 bytes).
[DATA WORKER] Waiting for new request.
[COMM] Recv stream (1024 bytes).
[DATA WORKER] Request - client_id '624255547', mode 'GET', req '0 imss://data.out$30'
[COMM] Sending stream (1048576 bytes).
[DATA WORKER] Waiting for new request.
[COMM] Recv stream (1024 bytes).
[DATA WORKER] Request - client_id '624255547', mode 'GET', req '0 imss://data.out$31'
[COMM] Sending stream (1048576 bytes).
[DATA WORKER] Waiting for new request.
[COMM] Recv stream (1024 bytes).
[DATA WORKER] Request - client_id '624255547', mode 'GET', req '0 imss://data.out$32'
[COMM] Sending stream (1048576 bytes).
[DATA WORKER] Waiting for new request.
[COMM] Recv stream (1024 bytes).
[DATA WORKER] Request - client_id '624255547', mode 'GET', req '0 imss://data.out$33'
[COMM] Sending stream (1048576 bytes).
[DATA WORKER] Waiting for new request.
[COMM] Recv stream (1024 bytes).
[DATA WORKER] Request - client_id '624255547', mode 'GET', req '0 imss://data.out$34'
[COMM] Sending stream (1048576 bytes).
[DATA WORKER] Waiting for new request.
[COMM] Recv stream (1024 bytes).
[DATA WORKER] Request - client_id '624255547', mode 'GET', req '0 imss://data.out$35'
[COMM] Sending stream (1048576 bytes).
[DATA WORKER] Waiting for new request.
[COMM] Recv stream (1024 bytes).
[DATA WORKER] Request - client_id '624255547', mode 'GET', req '0 imss://data.out$36'
[COMM] Sending stream (1048576 bytes).
[DATA WORKER] Waiting for new request.
[COMM] Recv stream (1024 bytes).
[DATA WORKER] Request - client_id '624255547', mode 'GET', req '0 imss://data.out$37'
[COMM] Sending stream (1048576 bytes).
[DATA WORKER] Waiting for new request.
[COMM] Recv stream (1024 bytes).
[DATA WORKER] Request - client_id '624255547', mode 'GET', req '0 imss://data.out$38'
[COMM] Sending stream (1048576 bytes).
[DATA WORKER] Waiting for new request.
[COMM] Recv stream (1024 bytes).
[DATA WORKER] Request - client_id '624255547', mode 'GET', req '0 imss://data.out$39'
[COMM] Sending stream (1048576 bytes).
[DATA WORKER] Waiting for new request.
[COMM] Recv stream (1024 bytes).
[DATA WORKER] Request - client_id '624255547', mode 'GET', req '0 imss://data.out$40'
[COMM] Sending stream (1048576 bytes).
[DATA WORKER] Waiting for new request.
[COMM] Recv stream (1024 bytes).
[DATA WORKER] Request - client_id '624255547', mode 'GET', req '0 imss://data.out$41'
[COMM] Sending stream (1048576 bytes).
[DATA WORKER] Waiting for new request.
[COMM] Recv stream (1024 bytes).
[DATA WORKER] Request - client_id '624255547', mode 'GET', req '0 imss://data.out$42'
[COMM] Sending stream (1048576 bytes).
[DATA WORKER] Waiting for new request.
[COMM] Recv stream (1024 bytes).
[DATA WORKER] Request - client_id '624255547', mode 'GET', req '0 imss://data.out$43'
[COMM] Sending stream (1048576 bytes).
[DATA WORKER] Waiting for new request.
[COMM] Recv stream (1024 bytes).
[DATA WORKER] Request - client_id '624255547', mode 'GET', req '0 imss://data.out$44'
[COMM] Sending stream (1048576 bytes).
[DATA WORKER] Waiting for new request.
[COMM] Recv stream (1024 bytes).
[DATA WORKER] Request - client_id '624255547', mode 'GET', req '0 imss://data.out$45'
[COMM] Sending stream (1048576 bytes).
[DATA WORKER] Waiting for new request.
[COMM] Recv stream (1024 bytes).
[DATA WORKER] Request - client_id '624255547', mode 'GET', req '0 imss://data.out$46'
[COMM] Sending stream (1048576 bytes).
[DATA WORKER] Waiting for new request.
[COMM] Recv stream (1024 bytes).
[DATA WORKER] Request - client_id '624255547', mode 'GET', req '0 imss://data.out$47'
[COMM] Sending stream (1048576 bytes).
[DATA WORKER] Waiting for new request.
[COMM] Recv stream (1024 bytes).
[DATA WORKER] Request - client_id '624255547', mode 'GET', req '0 imss://data.out$48'
[COMM] Sending stream (1048576 bytes).
[DATA WORKER] Waiting for new request.
[COMM] Recv stream (1024 bytes).
[DATA WORKER] Request - client_id '624255547', mode 'GET', req '0 imss://data.out$49'
[COMM] Sending stream (1048576 bytes).
[DATA WORKER] Waiting for new request.
[COMM] Recv stream (1024 bytes).
[DATA WORKER] Request - client_id '624255547', mode 'GET', req '0 imss://data.out$50'
[COMM] Sending stream (1048576 bytes).
[DATA WORKER] Waiting for new request.
[COMM] Recv stream (1024 bytes).
[DATA WORKER] Request - client_id '624255547', mode 'GET', req '0 imss://data.out$51'
[COMM] Sending stream (1048576 bytes).
[DATA WORKER] Waiting for new request.
[COMM] Recv stream (1024 bytes).
[DATA WORKER] Request - client_id '624255547', mode 'GET', req '0 imss://data.out$52'
[COMM] Sending stream (1048576 bytes).
[DATA WORKER] Waiting for new request.
[COMM] Recv stream (1024 bytes).
[DATA WORKER] Request - client_id '624255547', mode 'GET', req '0 imss://data.out$53'
[COMM] Sending stream (1048576 bytes).
[DATA WORKER] Waiting for new request.
[COMM] Recv stream (1024 bytes).
[DATA WORKER] Request - client_id '624255547', mode 'GET', req '0 imss://data.out$54'
[COMM] Sending stream (1048576 bytes).
[DATA WORKER] Waiting for new request.
[COMM] Recv stream (1024 bytes).
[DATA WORKER] Request - client_id '624255547', mode 'GET', req '0 imss://data.out$55'
[COMM] Sending stream (1048576 bytes).
[DATA WORKER] Waiting for new request.
[COMM] Recv stream (1024 bytes).
[DATA WORKER] Request - client_id '624255547', mode 'GET', req '0 imss://data.out$56'
[COMM] Sending stream (1048576 bytes).
[DATA WORKER] Waiting for new request.
[COMM] Recv stream (1024 bytes).
[DATA WORKER] Request - client_id '624255547', mode 'GET', req '0 imss://data.out$57'
[COMM] Sending stream (1048576 bytes).
[DATA WORKER] Waiting for new request.
[COMM] Recv stream (1024 bytes).
[DATA WORKER] Request - client_id '624255547', mode 'GET', req '0 imss://data.out$58'
[COMM] Sending stream (1048576 bytes).
[DATA WORKER] Waiting for new request.
[COMM] Recv stream (1024 bytes).
[DATA WORKER] Request - client_id '624255547', mode 'GET', req '0 imss://data.out$59'
[COMM] Sending stream (1048576 bytes).
[DATA WORKER] Waiting for new request.
[COMM] Recv stream (1024 bytes).
[DATA WORKER] Request - client_id '624255547', mode 'GET', req '0 imss://data.out$60'
[COMM] Sending stream (1048576 bytes).
[DATA WORKER] Waiting for new request.
[COMM] Recv stream (1024 bytes).
[DATA WORKER] Request - client_id '624255547', mode 'GET', req '0 imss://data.out$61'
[COMM] Sending stream (1048576 bytes).
[DATA WORKER] Waiting for new request.
[COMM] Recv stream (1024 bytes).
[DATA WORKER] Request - client_id '624255547', mode 'GET', req '0 imss://data.out$62'
[COMM] Sending stream (1048576 bytes).
[DATA WORKER] Waiting for new request.
[COMM] Recv stream (1024 bytes).
[DATA WORKER] Request - client_id '624255547', mode 'GET', req '0 imss://data.out$63'
[COMM] Sending stream (1048576 bytes).
[DATA WORKER] Waiting for new request.
[COMM] Recv stream (1024 bytes).
[DATA WORKER] Request - client_id '624255547', mode 'GET', req '0 imss://data.out$64'
[COMM] Sending stream (1048576 bytes).
[DATA WORKER] Waiting for new request.
[COMM] Recv stream (1024 bytes).
[DATA WORKER] Request - client_id '624255547', mode 'GET', req '0 imss://data.out$65'
[COMM] Sending stream (1048576 bytes).
[DATA WORKER] Waiting for new request.
[COMM] Recv stream (1024 bytes).
[DATA WORKER] Request - client_id '624255547', mode 'GET', req '0 imss://data.out$66'
[COMM] Sending stream (1048576 bytes).
[DATA WORKER] Waiting for new request.
[COMM] Recv stream (1024 bytes).
[DATA WORKER] Request - client_id '624255547', mode 'GET', req '0 imss://data.out$67'
[COMM] Sending stream (1048576 bytes).
[DATA WORKER] Waiting for new request.
[COMM] Recv stream (1024 bytes).
[DATA WORKER] Request - client_id '624255547', mode 'GET', req '0 imss://data.out$68'
[COMM] Sending stream (1048576 bytes).
[DATA WORKER] Waiting for new request.
[COMM] Recv stream (1024 bytes).
[DATA WORKER] Request - client_id '624255547', mode 'GET', req '0 imss://data.out$69'
[COMM] Sending stream (1048576 bytes).
[DATA WORKER] Waiting for new request.
[COMM] Recv stream (1024 bytes).
[DATA WORKER] Request - client_id '624255547', mode 'GET', req '0 imss://data.out$70'
[COMM] Sending stream (1048576 bytes).
[DATA WORKER] Waiting for new request.
[COMM] Recv stream (1024 bytes).
[DATA WORKER] Request - client_id '624255547', mode 'GET', req '0 imss://data.out$71'
[COMM] Sending stream (1048576 bytes).
[DATA WORKER] Waiting for new request.
[COMM] Recv stream (1024 bytes).
[DATA WORKER] Request - client_id '624255547', mode 'GET', req '0 imss://data.out$72'
[COMM] Sending stream (1048576 bytes).
[DATA WORKER] Waiting for new request.
[COMM] Recv stream (1024 bytes).
[DATA WORKER] Request - client_id '624255547', mode 'GET', req '0 imss://data.out$73'
[COMM] Sending stream (1048576 bytes).
[DATA WORKER] Waiting for new request.
[COMM] Recv stream (1024 bytes).
[DATA WORKER] Request - client_id '624255547', mode 'GET', req '0 imss://data.out$74'
[COMM] Sending stream (1048576 bytes).
[DATA WORKER] Waiting for new request.
[COMM] Recv stream (1024 bytes).
[DATA WORKER] Request - client_id '624255547', mode 'GET', req '0 imss://data.out$75'
[COMM] Sending stream (1048576 bytes).
[DATA WORKER] Waiting for new request.
[COMM] Recv stream (1024 bytes).
[DATA WORKER] Request - client_id '624255547', mode 'GET', req '0 imss://data.out$76'
[COMM] Sending stream (1048576 bytes).
[DATA WORKER] Waiting for new request.
[COMM] Recv stream (1024 bytes).
[DATA WORKER] Request - client_id '624255547', mode 'GET', req '0 imss://data.out$77'
[COMM] Sending stream (1048576 bytes).
[DATA WORKER] Waiting for new request.
[COMM] Recv stream (1024 bytes).
[DATA WORKER] Request - client_id '624255547', mode 'GET', req '0 imss://data.out$78'
[COMM] Sending stream (1048576 bytes).
[DATA WORKER] Waiting for new request.
[COMM] Recv stream (1024 bytes).
[DATA WORKER] Request - client_id '624255547', mode 'GET', req '0 imss://data.out$79'
[COMM] Sending stream (1048576 bytes).
[DATA WORKER] Waiting for new request.
[COMM] Recv stream (1024 bytes).
[DATA WORKER] Request - client_id '624255547', mode 'GET', req '0 imss://data.out$80'
[COMM] Sending stream (1048576 bytes).
[DATA WORKER] Waiting for new request.
[COMM] Recv stream (1024 bytes).
[DATA WORKER] Request - client_id '624255547', mode 'GET', req '0 imss://data.out$81'
[COMM] Sending stream (1048576 bytes).
[DATA WORKER] Waiting for new request.
[COMM] Recv stream (1024 bytes).
[DATA WORKER] Request - client_id '624255547', mode 'GET', req '0 imss://data.out$82'
[COMM] Sending stream (1048576 bytes).
[DATA WORKER] Waiting for new request.
[COMM] Recv stream (1024 bytes).
[DATA WORKER] Request - client_id '624255547', mode 'GET', req '0 imss://data.out$83'
[COMM] Sending stream (1048576 bytes).
[DATA WORKER] Waiting for new request.
[COMM] Recv stream (1024 bytes).
[DATA WORKER] Request - client_id '624255547', mode 'GET', req '0 imss://data.out$84'
[COMM] Sending stream (1048576 bytes).
[DATA WORKER] Waiting for new request.
[COMM] Recv stream (1024 bytes).
[DATA WORKER] Request - client_id '624255547', mode 'GET', req '0 imss://data.out$85'
[COMM] Sending stream (1048576 bytes).
[DATA WORKER] Waiting for new request.
[COMM] Recv stream (1024 bytes).
[DATA WORKER] Request - client_id '624255547', mode 'GET', req '0 imss://data.out$86'
[COMM] Sending stream (1048576 bytes).
[DATA WORKER] Waiting for new request.
[COMM] Recv stream (1024 bytes).
[DATA WORKER] Request - client_id '624255547', mode 'GET', req '0 imss://data.out$87'
[COMM] Sending stream (1048576 bytes).
[DATA WORKER] Waiting for new request.
[COMM] Recv stream (1024 bytes).
[DATA WORKER] Request - client_id '624255547', mode 'GET', req '0 imss://data.out$88'
[COMM] Sending stream (1048576 bytes).
[DATA WORKER] Waiting for new request.
[COMM] Recv stream (1024 bytes).
[DATA WORKER] Request - client_id '624255547', mode 'GET', req '0 imss://data.out$89'
[COMM] Sending stream (1048576 bytes).
[DATA WORKER] Waiting for new request.
[COMM] Recv stream (1024 bytes).
[DATA WORKER] Request - client_id '624255547', mode 'GET', req '0 imss://data.out$90'
[COMM] Sending stream (1048576 bytes).
[DATA WORKER] Waiting for new request.
[COMM] Recv stream (1024 bytes).
[DATA WORKER] Request - client_id '624255547', mode 'GET', req '0 imss://data.out$91'
[COMM] Sending stream (1048576 bytes).
[DATA WORKER] Waiting for new request.
[COMM] Recv stream (1024 bytes).
[DATA WORKER] Request - client_id '624255547', mode 'GET', req '0 imss://data.out$92'
[COMM] Sending stream (1048576 bytes).
[DATA WORKER] Waiting for new request.
[COMM] Recv stream (1024 bytes).
[DATA WORKER] Request - client_id '624255547', mode 'GET', req '0 imss://data.out$93'
[COMM] Sending stream (1048576 bytes).
[DATA WORKER] Waiting for new request.
[COMM] Recv stream (1024 bytes).
[DATA WORKER] Request - client_id '624255547', mode 'GET', req '0 imss://data.out$94'
[COMM] Sending stream (1048576 bytes).
[DATA WORKER] Waiting for new request.
[COMM] Recv stream (1024 bytes).
[DATA WORKER] Request - client_id '624255547', mode 'GET', req '0 imss://data.out$95'
[COMM] Sending stream (1048576 bytes).
[DATA WORKER] Waiting for new request.
[COMM] Recv stream (1024 bytes).
[DATA WORKER] Request - client_id '624255547', mode 'GET', req '0 imss://data.out$96'
[COMM] Sending stream (1048576 bytes).
[DATA WORKER] Waiting for new request.
[COMM] Recv stream (1024 bytes).
[DATA WORKER] Request - client_id '624255547', mode 'GET', req '0 imss://data.out$97'
[COMM] Sending stream (1048576 bytes).
[DATA WORKER] Waiting for new request.
[COMM] Recv stream (1024 bytes).
[DATA WORKER] Request - client_id '624255547', mode 'GET', req '0 imss://data.out$98'
[COMM] Sending stream (1048576 bytes).
[DATA WORKER] Waiting for new request.
[COMM] Recv stream (1024 bytes).
[DATA WORKER] Request - client_id '624255547', mode 'GET', req '0 imss://data.out$99'
[COMM] Sending stream (1048576 bytes).
[DATA WORKER] Waiting for new request.
[COMM] Recv stream (1024 bytes).
[DATA WORKER] Request - client_id '624255547', mode 'GET', req '0 imss://data.out$100'
[COMM] Sending stream (1048576 bytes).
[DATA WORKER] Waiting for new request.
[COMM] Recv stream (1024 bytes).
[DATA WORKER] Request - client_id '624255547', mode 'GET', req '2 RELEASE'
[COMM] Flushed endpoint started.
[COMM] Closed endpoint
