[SERVER] Starting server.
[PARAMS] type = m port = 6469 bufsize = 0 stat-logfile = ./metadata
[COMM] Inicializated worker result: 0
[COMM] Inicializated context result: 0
[SERVER] Creating dispatcher thread.
[SERVER] Creating metadata thread.
[COMM] Inicializated worker result: 0
[COMM] Started server with status 0 
[DISPATCHER] Waiting for connection requests.
[COMM] Started server with status 0 
[COMM] Server received a connection request from client at address 10.0.40.11:42376
[COMM] Inicializated worker result: 0
[COMM] Created server endpoint
[STAT WORKER] Waiting for new request.
[COMM] Recv stream (1024 bytes).
[STAT WORKER] Request - client_id '9999999', mode 'GET', req '0 imss://'
[STAT WORKER] map->get (key imss://, block_size_rtvd 0) get res 0
[COMM] send_dynamic_stream start 
[COMM] 		 string=$ERRIMSS_NO_KEY_AVAIL$ 
[COMM] Sending stream (8 bytes).
[COMM] Sending stream (23 bytes).
[COMM] send_dynamic_stream end 23 
[COMM] Flushed endpoint started.
[COMM] Flush waiting for completion.
[COMM] Flushed endpoint.
[COMM] Closed endpoint
[COMM] Server received a connection request from client at address 10.0.40.11:42378
[COMM] Inicializated worker result: 0
[COMM] Created server endpoint
[STAT WORKER] Waiting for new request.
[COMM] Recv stream (1024 bytes).
[STAT WORKER] Request - client_id '9999999', mode 'SET', req '792 imss://'
[STAT WORKER] Creating dataset imss://.
[STAT WORKER] Recv dynamic buffer size 792
[COMM] recv_dynamic_stream start 
[COMM] Recv stream (8 bytes).
[COMM] Recv stream (792 bytes).
 		 receiving STRING or BUFFER 792
[COMM] recv_dynamic_stream end 792
[STAT WORKER] END Recv dynamic 
[STAT WORKER] map->put (key imss://) err 0
[STAT WORKER] Created dataset imss://.
[COMM] Flushed endpoint started.
[COMM] Flush waiting for completion.
[COMM] Flushed endpoint.
[COMM] Closed endpoint
[COMM] Server received a connection request from client at address 10.0.40.2:51422
[COMM] Created server endpoint
[COMM] Recv stream (1024 bytes).
[COMM] Sending stream (1024 bytes).
[DISPATCHER] Replied client 6470-624255547.
[COMM] Closed endpoint
[DISPATCHER] Waiting for connection requests.
[COMM] Server received a connection request from client at address 10.0.40.2:34022
[COMM] Inicializated worker result: 0
[COMM] Created server endpoint
[STAT WORKER] Waiting for new request.
[COMM] Recv stream (1024 bytes).
[STAT WORKER] Request - client_id '624255547', mode 'GET', req '0 imss://'
[STAT WORKER] map->get (key imss://, block_size_rtvd 792) get res 1
[COMM] send_dynamic_stream start 
[COMM] 		 msg size=792 
[COMM] Sending stream (8 bytes).
[COMM] Sending stream (792 bytes).
[COMM] send_dynamic_stream end 792 
[STAT WORKER] Waiting for new request.
[COMM] Recv stream (1024 bytes).
[STAT WORKER] Request - client_id '624255547', mode 'GET', req '0 imss://data.out'
[STAT WORKER] map->get (key imss://data.out, block_size_rtvd 792) get res 0
[COMM] send_dynamic_stream start 
[COMM] 		 string=$ERRIMSS_NO_KEY_AVAIL$ 
[COMM] Sending stream (8 bytes).
[COMM] Sending stream (23 bytes).
[COMM] send_dynamic_stream end 23 
[STAT WORKER] Waiting for new request.
[COMM] Recv stream (1024 bytes).
[STAT WORKER] Request - client_id '624255547', mode 'GET', req '0 imss://data.out/'
[STAT WORKER] map->get (key imss://data.out/, block_size_rtvd 792) get res 0
[COMM] send_dynamic_stream start 
[COMM] 		 string=$ERRIMSS_NO_KEY_AVAIL$ 
[COMM] Sending stream (8 bytes).
[COMM] Sending stream (23 bytes).
[COMM] send_dynamic_stream end 23 
[STAT WORKER] Waiting for new request.
[COMM] Recv stream (1024 bytes).
[STAT WORKER] Request - client_id '624255547', mode 'GET', req '0 imss://data.out'
[STAT WORKER] map->get (key imss://data.out, block_size_rtvd 792) get res 0
[COMM] send_dynamic_stream start 
[COMM] 		 string=$ERRIMSS_NO_KEY_AVAIL$ 
[COMM] Sending stream (8 bytes).
[COMM] Sending stream (23 bytes).
[COMM] send_dynamic_stream end 23 
[STAT WORKER] Waiting for new request.
[COMM] Recv stream (1024 bytes).
[STAT WORKER] Request - client_id '624255547', mode 'SET', req '584 imss://data.out'
[STAT WORKER] Creating dataset imss://data.out.
[STAT WORKER] Recv dynamic buffer size 584
[COMM] recv_dynamic_stream start 
[COMM] Recv stream (8 bytes).
[COMM] Recv stream (584 bytes).
 		 receiving STRING or BUFFER 584
[COMM] recv_dynamic_stream end 584
[STAT WORKER] END Recv dynamic 
[STAT WORKER] map->put (key imss://data.out) err 0
[STAT WORKER] Created dataset imss://data.out.
[STAT WORKER] Waiting for new request.
[COMM] Recv stream (1024 bytes).
[STAT WORKER] Request - client_id '624255547', mode 'GET', req '0 imss://data.out'
[STAT WORKER] map->get (key imss://data.out, block_size_rtvd 584) get res 1
[COMM] send_dynamic_stream start 
[COMM] 		 msg size=584 
[COMM] Sending stream (8 bytes).
[COMM] Sending stream (584 bytes).
[COMM] send_dynamic_stream end 584 
[STAT WORKER] Waiting for new request.
[COMM] Recv stream (1024 bytes).
[STAT WORKER] Request - client_id '624255547', mode 'GET', req '0 imss://data.out'
[STAT WORKER] map->get (key imss://data.out, block_size_rtvd 584) get res 1
[COMM] send_dynamic_stream start 
[COMM] 		 msg size=584 
[COMM] Sending stream (8 bytes).
[COMM] Sending stream (584 bytes).
[COMM] send_dynamic_stream end 584 
[STAT WORKER] Waiting for new request.
[COMM] Recv stream (1024 bytes).
[STAT WORKER] Request - client_id '624255547', mode 'GET', req '0 imss://data.out'
[STAT WORKER] map->get (key imss://data.out, block_size_rtvd 584) get res 1
[COMM] send_dynamic_stream start 
[COMM] 		 msg size=584 
[COMM] Sending stream (8 bytes).
[COMM] Sending stream (584 bytes).
[COMM] send_dynamic_stream end 584 
[STAT WORKER] Waiting for new request.
[COMM] Recv stream (1024 bytes).
[STAT WORKER] Request - client_id '624255547', mode 'GET', req '2 RELEASE'
[COMM] Flushed endpoint started.
[COMM] Closed endpoint
